# JRE version: Java(TM) SE Runtime Environment (8.0_151-b12) (build 1.8.0_151-b12)
# Java VM: Java HotSpot(TM) 64-Bit Server VM (25.151-b12 mixed mode linux-amd64 compressed oops)
Heap:
 PSYoungGen      total 253440K, used 28360K [0x00000000d9780000, 0x00000000eb480000, 0x0000000100000000)
  eden space 249344K, 9% used [0x00000000d9780000,0x00000000daf7a410,0x00000000e8b00000)
  from space 4096K, 92% used [0x00000000eb080000,0x00000000eb437ea0,0x00000000eb480000)
  to   space 13824K, 0% used [0x00000000e9980000,0x00000000e9980000,0x00000000ea700000)
 ParOldGen       total 87040K, used 26137K [0x000000008c600000, 0x0000000091b00000, 0x00000000d9780000)
  object space 87040K, 30% used [0x000000008c600000,0x000000008df86640,0x0000000091b00000)
 Metaspace       used 55466K, capacity 58878K, committed 59048K, reserved 1099776K
  class space    used 7202K, capacity 8027K, committed 8104K, reserved 1048576K
GC Heap History (10 events):
Event: 291.710 GC heap before
{Heap before GC invocations=19 (full 3):
 PSYoungGen      total 280576K, used 270063K [0x00000000d9780000, 0x00000000edb00000, 0x0000000100000000)
  eden space 264704K, 100% used [0x00000000d9780000,0x00000000e9a00000,0x00000000e9a00000)
  from space 15872K, 33% used [0x00000000e9a00000,0x00000000e9f3bd50,0x00000000ea980000)
  to   space 15360K, 0% used [0x00000000ecc00000,0x00000000ecc00000,0x00000000edb00000)
 ParOldGen       total 87040K, used 26097K [0x000000008c600000, 0x0000000091b00000, 0x00000000d9780000)
  object space 87040K, 29% used [0x000000008c600000,0x000000008df7c640,0x0000000091b00000)
 Metaspace       used 54256K, capacity 57060K, committed 57128K, reserved 1099776K
  class space    used 7045K, capacity 7653K, committed 7720K, reserved 1048576K
Event: 291.714 GC heap after
Heap after GC invocations=19 (full 3):
 PSYoungGen      total 301568K, used 3279K [0x00000000d9780000, 0x00000000ed400000, 0x0000000100000000)
  eden space 293376K, 0% used [0x00000000d9780000,0x00000000d9780000,0x00000000eb600000)
  from space 8192K, 40% used [0x00000000ecc00000,0x00000000ecf33f10,0x00000000ed400000)
  to   space 15360K, 0% used [0x00000000eb600000,0x00000000eb600000,0x00000000ec500000)
 ParOldGen       total 87040K, used 26105K [0x000000008c600000, 0x0000000091b00000, 0x00000000d9780000)
  object space 87040K, 29% used [0x000000008c600000,0x000000008df7e640,0x0000000091b00000)
 Metaspace       used 54256K, capacity 57060K, committed 57128K, reserved 1099776K
  class space    used 7045K, capacity 7653K, committed 7720K, reserved 1048576K
}
Event: 312.254 GC heap before
{Heap before GC invocations=20 (full 3):
 PSYoungGen      total 301568K, used 296655K [0x00000000d9780000, 0x00000000ed400000, 0x0000000100000000)
  eden space 293376K, 100% used [0x00000000d9780000,0x00000000eb600000,0x00000000eb600000)
  from space 8192K, 40% used [0x00000000ecc00000,0x00000000ecf33f10,0x00000000ed400000)
  to   space 15360K, 0% used [0x00000000eb600000,0x00000000eb600000,0x00000000ec500000)
 ParOldGen       total 87040K, used 26105K [0x000000008c600000, 0x0000000091b00000, 0x00000000d9780000)
  object space 87040K, 29% used [0x000000008c600000,0x000000008df7e640,0x0000000091b00000)
 Metaspace       used 54562K, capacity 57474K, committed 57768K, reserved 1099776K
  class space    used 7082K, capacity 7744K, committed 7848K, reserved 1048576K
Event: 312.260 GC heap after
Heap after GC invocations=20 (full 3):
 PSYoungGen      total 287232K, used 5359K [0x00000000d9780000, 0x00000000ecc80000, 0x0000000100000000)
  eden space 281600K, 0% used [0x00000000d9780000,0x00000000d9780000,0x00000000eaa80000)
  from space 5632K, 95% used [0x00000000eb600000,0x00000000ebb3bd30,0x00000000ebb80000)
  to   space 14848K, 0% used [0x00000000ebe00000,0x00000000ebe00000,0x00000000ecc80000)
 ParOldGen       total 87040K, used 26113K [0x000000008c600000, 0x0000000091b00000, 0x00000000d9780000)
  object space 87040K, 30% used [0x000000008c600000,0x000000008df80640,0x0000000091b00000)
 Metaspace       used 54562K, capacity 57474K, committed 57768K, reserved 1099776K
  class space    used 7082K, capacity 7744K, committed 7848K, reserved 1048576K
}
Event: 333.309 GC heap before
{Heap before GC invocations=21 (full 3):
 PSYoungGen      total 287232K, used 286959K [0x00000000d9780000, 0x00000000ecc80000, 0x0000000100000000)
  eden space 281600K, 100% used [0x00000000d9780000,0x00000000eaa80000,0x00000000eaa80000)
  from space 5632K, 95% used [0x00000000eb600000,0x00000000ebb3bd30,0x00000000ebb80000)
  to   space 14848K, 0% used [0x00000000ebe00000,0x00000000ebe00000,0x00000000ecc80000)
 ParOldGen       total 87040K, used 26113K [0x000000008c600000, 0x0000000091b00000, 0x00000000d9780000)
  object space 87040K, 30% used [0x000000008c600000,0x000000008df80640,0x0000000091b00000)
 Metaspace       used 54899K, capacity 57922K, committed 58024K, reserved 1099776K
  class space    used 7114K, capacity 7828K, committed 7848K, reserved 1048576K
Event: 333.316 GC heap after
Heap after GC invocations=21 (full 3):
 PSYoungGen      total 276480K, used 6111K [0x00000000d9780000, 0x00000000ec400000, 0x0000000100000000)
  eden space 270336K, 0% used [0x00000000d9780000,0x00000000d9780000,0x00000000e9f80000)
  from space 6144K, 99% used [0x00000000ebe00000,0x00000000ec3f7dc0,0x00000000ec400000)
  to   space 14336K, 0% used [0x00000000ea800000,0x00000000ea800000,0x00000000eb600000)
 ParOldGen       total 87040K, used 26121K [0x000000008c600000, 0x0000000091b00000, 0x00000000d9780000)
  object space 87040K, 30% used [0x000000008c600000,0x000000008df82640,0x0000000091b00000)
 Metaspace       used 54899K, capacity 57922K, committed 58024K, reserved 1099776K
  class space    used 7114K, capacity 7828K, committed 7848K, reserved 1048576K
}
Event: 370.359 GC heap before
{Heap before GC invocations=22 (full 3):
 PSYoungGen      total 276480K, used 276447K [0x00000000d9780000, 0x00000000ec400000, 0x0000000100000000)
  eden space 270336K, 100% used [0x00000000d9780000,0x00000000e9f80000,0x00000000e9f80000)
  from space 6144K, 99% used [0x00000000ebe00000,0x00000000ec3f7dc0,0x00000000ec400000)
  to   space 14336K, 0% used [0x00000000ea800000,0x00000000ea800000,0x00000000eb600000)
 ParOldGen       total 87040K, used 26121K [0x000000008c600000, 0x0000000091b00000, 0x00000000d9780000)
  object space 87040K, 30% used [0x000000008c600000,0x000000008df82640,0x0000000091b00000)
 Metaspace       used 55081K, capacity 58226K, committed 58408K, reserved 1099776K
  class space    used 7142K, capacity 7908K, committed 7976K, reserved 1048576K
Event: 370.366 GC heap after
Heap after GC invocations=22 (full 3):
 PSYoungGen      total 264192K, used 4271K [0x00000000d9780000, 0x00000000ebe80000, 0x0000000100000000)
  eden space 259584K, 0% used [0x00000000d9780000,0x00000000d9780000,0x00000000e9500000)
  from space 4608K, 92% used [0x00000000ea800000,0x00000000eac2beb0,0x00000000eac80000)
  to   space 14336K, 0% used [0x00000000eb080000,0x00000000eb080000,0x00000000ebe80000)
 ParOldGen       total 87040K, used 26129K [0x000000008c600000, 0x0000000091b00000, 0x00000000d9780000)
  object space 87040K, 30% used [0x000000008c600000,0x000000008df84640,0x0000000091b00000)
 Metaspace       used 55081K, capacity 58226K, committed 58408K, reserved 1099776K
  class space    used 7142K, capacity 7908K, committed 7976K, reserved 1048576K
}
Event: 436.445 GC heap before
{Heap before GC invocations=23 (full 3):
 PSYoungGen      total 264192K, used 263855K [0x00000000d9780000, 0x00000000ebe80000, 0x0000000100000000)
  eden space 259584K, 100% used [0x00000000d9780000,0x00000000e9500000,0x00000000e9500000)
  from space 4608K, 92% used [0x00000000ea800000,0x00000000eac2beb0,0x00000000eac80000)
  to   space 14336K, 0% used [0x00000000eb080000,0x00000000eb080000,0x00000000ebe80000)
 ParOldGen       total 87040K, used 26129K [0x000000008c600000, 0x0000000091b00000, 0x00000000d9780000)
  object space 87040K, 30% used [0x000000008c600000,0x000000008df84640,0x0000000091b00000)
 Metaspace       used 55306K, capacity 58628K, committed 58792K, reserved 1099776K
  class space    used 7177K, capacity 7985K, committed 8104K, reserved 1048576K
Event: 436.455 GC heap after
Heap after GC invocations=23 (full 3):
 PSYoungGen      total 253440K, used 3807K [0x00000000d9780000, 0x00000000eb480000, 0x0000000100000000)
  eden space 249344K, 0% used [0x00000000d9780000,0x00000000d9780000,0x00000000e8b00000)
  from space 4096K, 92% used [0x00000000eb080000,0x00000000eb437ea0,0x00000000eb480000)
  to   space 13824K, 0% used [0x00000000e9980000,0x00000000e9980000,0x00000000ea700000)
 ParOldGen       total 87040K, used 26137K [0x000000008c600000, 0x0000000091b00000, 0x00000000d9780000)
  object space 87040K, 30% used [0x000000008c600000,0x000000008df86640,0x0000000091b00000)
 Metaspace       used 55306K, capacity 58628K, committed 58792K, reserved 1099776K
  class space    used 7177K, capacity 7985K, committed 8104K, reserved 1048576K
}

